
=== Sun Jan 31 21:33:58 2021

Packages were changed.
Update Mode: mergeDefaultDependencies

The following packages were added:
  com.unity.collab-proxy@1.3.9
  com.unity.ide.visualstudio@2.0.2
  com.unity.modules.ai@1.0.0
  com.unity.modules.cloth@1.0.0
  com.unity.modules.director@1.0.0
  com.unity.modules.physics@1.0.0
  com.unity.modules.terrain@1.0.0
  com.unity.modules.terrainphysics@1.0.0
  com.unity.modules.umbra@1.0.0
  com.unity.modules.vehicles@1.0.0
  com.unity.modules.vr@1.0.0
  com.unity.modules.wind@1.0.0
  com.unity.modules.xr@1.0.0
  com.unity.timeline@1.3.5
The following packages were updated:
  com.unity.2d.animation from version 3.2.6 to 4.2.5
  com.unity.2d.pixel-perfect from version 2.0.4 to 3.0.2
  com.unity.2d.psdimporter from version 2.1.6 to 3.1.5
  com.unity.2d.spriteshape from version 3.0.14 to 4.1.3
  com.unity.ide.rider from version 1.1.4 to 1.2.1
  com.unity.textmeshpro from version 2.1.3 to 3.0.1

=== Tue Oct  5 13:37:43 2021

Packages were changed.
Update Mode: updateDependencies

The following packages were updated:
  com.unity.2d.animation from version 4.2.5 to 5.0.6
  com.unity.2d.pixel-perfect from version 3.0.2 to 4.0.1
  com.unity.2d.psdimporter from version 3.1.5 to 4.1.0
  com.unity.2d.spriteshape from version 4.1.3 to 5.1.4
  com.unity.collab-proxy from version 1.3.9 to 1.9.0
  com.unity.ide.rider from version 1.2.1 to 2.0.7
  com.unity.ide.visualstudio from version 2.0.2 to 2.0.11
  com.unity.ide.vscode from version 1.2.3 to 1.2.4
  com.unity.mobile.android-logcat from version 1.2.0 to 1.2.3
  com.unity.mobile.notifications from version 1.0.3 to 1.4.2
  com.unity.test-framework from version 1.1.20 to 1.1.29
  com.unity.textmeshpro from version 3.0.1 to 3.0.6
  com.unity.timeline from version 1.3.5 to 1.4.8

=== Sat Oct 23 23:31:16 2021

Packages were changed.
Update Mode: updateDependencies

The following packages were updated:
  com.unity.2d.psdimporter from version 4.1.0 to 4.1.1
  com.unity.2d.spriteshape from version 5.1.4 to 5.1.5
  com.unity.collab-proxy from version 1.9.0 to 1.13.5

=== Sun Oct 24 00:10:04 2021

Packages were changed.
Update Mode: updateDependencies

The following packages were updated:
  com.unity.2d.animation from version 5.0.8 to 6.0.5
  com.unity.2d.pixel-perfect from version 4.0.1 to 5.0.1
  com.unity.2d.psdimporter from version 4.1.1 to 5.0.4
  com.unity.2d.spriteshape from version 5.1.5 to 6.0.1
  com.unity.ide.rider from version 2.0.7 to 3.0.7
  com.unity.timeline from version 1.4.8 to 1.5.6

=== Sun Oct 31 14:53:09 2021

Packages were changed.
Update Mode: updateDependencies

The following packages were updated:
  com.unity.2d.animation from version 6.0.5 to 7.0.0
  com.unity.2d.psdimporter from version 5.0.4 to 6.0.0
  com.unity.2d.spriteshape from version 6.0.1 to 7.0.0
  com.unity.timeline from version 1.5.6 to 1.6.2

=== Sun Oct 31 16:14:37 2021

Packages were changed.
Update Mode: resetToDefaultDependencies

The following packages were updated:
  com.unity.collab-proxy from version 1.13.5 to 1.9.0
  com.unity.ide.rider from version 3.0.7 to 2.0.7
  com.unity.timeline from version 1.6.2 to 1.4.8
The following packages were removed:
  com.unity.2d.animation@7.0.0
  com.unity.2d.pixel-perfect@5.0.1
  com.unity.2d.psdimporter@6.0.0
  com.unity.2d.sprite@1.0.0
  com.unity.2d.spriteshape@7.0.0
  com.unity.2d.tilemap@1.0.0
  com.unity.mobile.android-logcat@1.2.3
  com.unity.mobile.notifications@1.4.2

=== Tue Nov  2 12:18:01 2021

Packages were changed.
Update Mode: updateDependencies

The following packages were updated:
  com.unity.collab-proxy from version 1.9.0 to 1.13.5
  com.unity.ide.rider from version 2.0.7 to 3.0.7
  com.unity.timeline from version 1.4.8 to 1.6.2
